# JRE version: OpenJDK Runtime Environment (17.0.6) (build 17.0.6+0-b2043.56-10027231)
# Java VM: OpenJDK 64-Bit Server VM (17.0.6+0-b2043.56-10027231, mixed mode, tiered, compressed oops, compressed class ptrs, g1 gc, windows-amd64)
GC Precious Log:
 CPUs: 4 total, 4 available
 Memory: 7364M
 Large Page Support: Disabled
 NUMA Support: Disabled
 Compressed Oops: Enabled (32-bit)
 Heap Region Size: 1M
 Heap Min Capacity: 8M
 Heap Initial Capacity: 116M
 Heap Max Capacity: 2G
 Pre-touch: Disabled
 Parallel Workers: 4
 Concurrent Workers: 1
 Concurrent Refinement Workers: 4
 Periodic GC: Disabled
Heap:
 garbage-first heap   total 317440K, used 122803K [0x0000000080000000, 0x0000000100000000)
  region size 1024K, 18 young (18432K), 1 survivors (1024K)
 Metaspace       used 87219K, committed 87872K, reserved 1130496K
  class space    used 11541K, committed 11840K, reserved 1048576K
GC Heap History (20 events):
Event: 38.068 GC heap before
{Heap before GC invocations=29 (full 0):
 garbage-first heap   total 122880K, used 102870K [0x0000000080000000, 0x0000000100000000)
  region size 1024K, 29 young (29696K), 2 survivors (2048K)
 Metaspace       used 62326K, committed 62912K, reserved 1105920K
  class space    used 8660K, committed 8960K, reserved 1048576K
}
Event: 38.090 GC heap after
{Heap after GC invocations=30 (full 0):
 garbage-first heap   total 122880K, used 80691K [0x0000000080000000, 0x0000000100000000)
  region size 1024K, 4 young (4096K), 4 survivors (4096K)
 Metaspace       used 62326K, committed 62912K, reserved 1105920K
  class space    used 8660K, committed 8960K, reserved 1048576K
}
Event: 38.250 GC heap before
{Heap before GC invocations=30 (full 0):
 garbage-first heap   total 122880K, used 82739K [0x0000000080000000, 0x0000000100000000)
  region size 1024K, 6 young (6144K), 4 survivors (4096K)
 Metaspace       used 63284K, committed 63872K, reserved 1105920K
  class space    used 8755K, committed 9024K, reserved 1048576K
}
Event: 38.266 GC heap after
{Heap after GC invocations=31 (full 0):
 garbage-first heap   total 147456K, used 80753K [0x0000000080000000, 0x0000000100000000)
  region size 1024K, 1 young (1024K), 1 survivors (1024K)
 Metaspace       used 63284K, committed 63872K, reserved 1105920K
  class space    used 8755K, committed 9024K, reserved 1048576K
}
Event: 40.293 GC heap before
{Heap before GC invocations=31 (full 0):
 garbage-first heap   total 147456K, used 122737K [0x0000000080000000, 0x0000000100000000)
  region size 1024K, 36 young (36864K), 1 survivors (1024K)
 Metaspace       used 68681K, committed 69312K, reserved 1114112K
  class space    used 9453K, committed 9728K, reserved 1048576K
}
Event: 40.300 GC heap after
{Heap after GC invocations=32 (full 0):
 garbage-first heap   total 147456K, used 89349K [0x0000000080000000, 0x0000000100000000)
  region size 1024K, 4 young (4096K), 4 survivors (4096K)
 Metaspace       used 68681K, committed 69312K, reserved 1114112K
  class space    used 9453K, committed 9728K, reserved 1048576K
}
Event: 41.043 GC heap before
{Heap before GC invocations=33 (full 0):
 garbage-first heap   total 167936K, used 118021K [0x0000000080000000, 0x0000000100000000)
  region size 1024K, 32 young (32768K), 4 survivors (4096K)
 Metaspace       used 68919K, committed 69568K, reserved 1114112K
  class space    used 9483K, committed 9792K, reserved 1048576K
}
Event: 41.068 GC heap after
{Heap after GC invocations=34 (full 0):
 garbage-first heap   total 167936K, used 90637K [0x0000000080000000, 0x0000000100000000)
  region size 1024K, 4 young (4096K), 4 survivors (4096K)
 Metaspace       used 68919K, committed 69568K, reserved 1114112K
  class space    used 9483K, committed 9792K, reserved 1048576K
}
Event: 41.193 GC heap before
{Heap before GC invocations=34 (full 0):
 garbage-first heap   total 167936K, used 94733K [0x0000000080000000, 0x0000000100000000)
  region size 1024K, 8 young (8192K), 4 survivors (4096K)
 Metaspace       used 68993K, committed 69632K, reserved 1114112K
  class space    used 9486K, committed 9792K, reserved 1048576K
}
Event: 41.211 GC heap after
{Heap after GC invocations=35 (full 0):
 garbage-first heap   total 167936K, used 91095K [0x0000000080000000, 0x0000000100000000)
  region size 1024K, 1 young (1024K), 1 survivors (1024K)
 Metaspace       used 68993K, committed 69632K, reserved 1114112K
  class space    used 9486K, committed 9792K, reserved 1048576K
}
Event: 43.146 GC heap before
{Heap before GC invocations=35 (full 0):
 garbage-first heap   total 167936K, used 136151K [0x0000000080000000, 0x0000000100000000)
  region size 1024K, 39 young (39936K), 1 survivors (1024K)
 Metaspace       used 73864K, committed 74432K, reserved 1114112K
  class space    used 10052K, committed 10304K, reserved 1048576K
}
Event: 43.155 GC heap after
{Heap after GC invocations=36 (full 0):
 garbage-first heap   total 167936K, used 99832K [0x0000000080000000, 0x0000000100000000)
  region size 1024K, 4 young (4096K), 4 survivors (4096K)
 Metaspace       used 73864K, committed 74432K, reserved 1114112K
  class space    used 10052K, committed 10304K, reserved 1048576K
}
Event: 44.218 GC heap before
{Heap before GC invocations=36 (full 0):
 garbage-first heap   total 167936K, used 133624K [0x0000000080000000, 0x0000000100000000)
  region size 1024K, 37 young (37888K), 4 survivors (4096K)
 Metaspace       used 78649K, committed 79296K, reserved 1122304K
  class space    used 10470K, committed 10752K, reserved 1048576K
}
Event: 44.228 GC heap after
{Heap after GC invocations=37 (full 0):
 garbage-first heap   total 167936K, used 103223K [0x0000000080000000, 0x0000000100000000)
  region size 1024K, 3 young (3072K), 3 survivors (3072K)
 Metaspace       used 78649K, committed 79296K, reserved 1122304K
  class space    used 10470K, committed 10752K, reserved 1048576K
}
Event: 45.758 GC heap before
{Heap before GC invocations=37 (full 0):
 garbage-first heap   total 167936K, used 135991K [0x0000000080000000, 0x0000000100000000)
  region size 1024K, 35 young (35840K), 3 survivors (3072K)
 Metaspace       used 82769K, committed 83392K, reserved 1122304K
  class space    used 10968K, committed 11264K, reserved 1048576K
}
Event: 45.767 GC heap after
{Heap after GC invocations=38 (full 0):
 garbage-first heap   total 167936K, used 104938K [0x0000000080000000, 0x0000000100000000)
  region size 1024K, 2 young (2048K), 2 survivors (2048K)
 Metaspace       used 82769K, committed 83392K, reserved 1122304K
  class space    used 10968K, committed 11264K, reserved 1048576K
}
Event: 47.044 GC heap before
{Heap before GC invocations=39 (full 0):
 garbage-first heap   total 183296K, used 137706K [0x0000000080000000, 0x0000000100000000)
  region size 1024K, 34 young (34816K), 2 survivors (2048K)
 Metaspace       used 87084K, committed 87680K, reserved 1130496K
  class space    used 11529K, committed 11776K, reserved 1048576K
}
Event: 47.060 GC heap after
{Heap after GC invocations=40 (full 0):
 garbage-first heap   total 183296K, used 106688K [0x0000000080000000, 0x0000000100000000)
  region size 1024K, 5 young (5120K), 5 survivors (5120K)
 Metaspace       used 87084K, committed 87680K, reserved 1130496K
  class space    used 11529K, committed 11776K, reserved 1048576K
}
Event: 47.102 GC heap before
{Heap before GC invocations=40 (full 0):
 garbage-first heap   total 183296K, used 109760K [0x0000000080000000, 0x0000000100000000)
  region size 1024K, 8 young (8192K), 5 survivors (5120K)
 Metaspace       used 87110K, committed 87744K, reserved 1130496K
  class space    used 11529K, committed 11776K, reserved 1048576K
}
Event: 47.114 GC heap after
{Heap after GC invocations=41 (full 0):
 garbage-first heap   total 317440K, used 106419K [0x0000000080000000, 0x0000000100000000)
  region size 1024K, 1 young (1024K), 1 survivors (1024K)
 Metaspace       used 87110K, committed 87744K, reserved 1130496K
  class space    used 11529K, committed 11776K, reserved 1048576K
}

