# JRE version: OpenJDK Runtime Environment (17.0.6) (build 17.0.6+0-b2043.56-10027231)
# Java VM: OpenJDK 64-Bit Server VM (17.0.6+0-b2043.56-10027231, mixed mode, tiered, compressed oops, compressed class ptrs, g1 gc, windows-amd64)
GC Precious Log:
 CPUs: 4 total, 4 available
 Memory: 7364M
 Large Page Support: Disabled
 NUMA Support: Disabled
 Compressed Oops: Enabled (32-bit)
 Heap Region Size: 1M
 Heap Min Capacity: 8M
 Heap Initial Capacity: 116M
 Heap Max Capacity: 2G
 Pre-touch: Disabled
 Parallel Workers: 4
 Concurrent Workers: 1
 Concurrent Refinement Workers: 4
 Periodic GC: Disabled
Heap:
 garbage-first heap   total 215040K, used 112299K [0x0000000080000000, 0x0000000100000000)
  region size 1024K, 1 young (1024K), 1 survivors (1024K)
 Metaspace       used 95199K, committed 95872K, reserved 1138688K
  class space    used 12553K, committed 12864K, reserved 1048576K
GC Heap History (20 events):
Event: 31.859 GC heap after
{Heap after GC invocations=53 (full 0):
 garbage-first heap   total 181248K, used 78974K [0x0000000080000000, 0x0000000100000000)
  region size 1024K, 7 young (7168K), 7 survivors (7168K)
 Metaspace       used 60494K, committed 61056K, reserved 1105920K
  class space    used 8398K, committed 8640K, reserved 1048576K
}
Event: 33.701 GC heap before
{Heap before GC invocations=53 (full 0):
 garbage-first heap   total 181248K, used 156798K [0x0000000080000000, 0x0000000100000000)
  region size 1024K, 79 young (80896K), 7 survivors (7168K)
 Metaspace       used 71157K, committed 71744K, reserved 1114112K
  class space    used 9748K, committed 9984K, reserved 1048576K
}
Event: 33.721 GC heap after
{Heap after GC invocations=54 (full 0):
 garbage-first heap   total 181248K, used 85621K [0x0000000080000000, 0x0000000100000000)
  region size 1024K, 8 young (8192K), 8 survivors (8192K)
 Metaspace       used 71157K, committed 71744K, reserved 1114112K
  class space    used 9748K, committed 9984K, reserved 1048576K
}
Event: 34.338 GC heap before
{Heap before GC invocations=54 (full 0):
 garbage-first heap   total 181248K, used 107125K [0x0000000080000000, 0x0000000100000000)
  region size 1024K, 30 young (30720K), 8 survivors (8192K)
 Metaspace       used 74932K, committed 75584K, reserved 1122304K
  class space    used 10259K, committed 10496K, reserved 1048576K
}
Event: 34.364 GC heap after
{Heap after GC invocations=55 (full 0):
 garbage-first heap   total 181248K, used 86528K [0x0000000080000000, 0x0000000100000000)
  region size 1024K, 4 young (4096K), 4 survivors (4096K)
 Metaspace       used 74932K, committed 75584K, reserved 1122304K
  class space    used 10259K, committed 10496K, reserved 1048576K
}
Event: 36.387 GC heap before
{Heap before GC invocations=56 (full 0):
 garbage-first heap   total 181248K, used 160256K [0x0000000080000000, 0x0000000100000000)
  region size 1024K, 70 young (71680K), 4 survivors (4096K)
 Metaspace       used 79095K, committed 79680K, reserved 1122304K
  class space    used 10749K, committed 11008K, reserved 1048576K
}
Event: 36.426 GC heap after
{Heap after GC invocations=57 (full 0):
 garbage-first heap   total 181248K, used 97507K [0x0000000080000000, 0x0000000100000000)
  region size 1024K, 9 young (9216K), 9 survivors (9216K)
 Metaspace       used 79095K, committed 79680K, reserved 1122304K
  class space    used 10749K, committed 11008K, reserved 1048576K
}
Event: 36.464 GC heap before
{Heap before GC invocations=57 (full 0):
 garbage-first heap   total 181248K, used 98531K [0x0000000080000000, 0x0000000100000000)
  region size 1024K, 10 young (10240K), 9 survivors (9216K)
 Metaspace       used 79114K, committed 79744K, reserved 1122304K
  class space    used 10749K, committed 11008K, reserved 1048576K
}
Event: 36.491 GC heap after
{Heap after GC invocations=58 (full 0):
 garbage-first heap   total 181248K, used 98369K [0x0000000080000000, 0x0000000100000000)
  region size 1024K, 2 young (2048K), 2 survivors (2048K)
 Metaspace       used 79114K, committed 79744K, reserved 1122304K
  class space    used 10749K, committed 11008K, reserved 1048576K
}
Event: 36.516 GC heap before
{Heap before GC invocations=58 (full 0):
 garbage-first heap   total 181248K, used 98369K [0x0000000080000000, 0x0000000100000000)
  region size 1024K, 3 young (3072K), 2 survivors (2048K)
 Metaspace       used 79219K, committed 79808K, reserved 1122304K
  class space    used 10764K, committed 11008K, reserved 1048576K
}
Event: 36.520 GC heap after
{Heap after GC invocations=59 (full 0):
 garbage-first heap   total 181248K, used 97601K [0x0000000080000000, 0x0000000100000000)
  region size 1024K, 1 young (1024K), 1 survivors (1024K)
 Metaspace       used 79219K, committed 79808K, reserved 1122304K
  class space    used 10764K, committed 11008K, reserved 1048576K
}
Event: 38.324 GC heap before
{Heap before GC invocations=60 (full 0):
 garbage-first heap   total 183296K, used 156993K [0x0000000080000000, 0x0000000100000000)
  region size 1024K, 53 young (54272K), 1 survivors (1024K)
 Metaspace       used 86084K, committed 86656K, reserved 1130496K
  class space    used 11420K, committed 11648K, reserved 1048576K
}
Event: 38.336 GC heap after
{Heap after GC invocations=61 (full 0):
 garbage-first heap   total 183296K, used 107862K [0x0000000080000000, 0x0000000100000000)
  region size 1024K, 5 young (5120K), 5 survivors (5120K)
 Metaspace       used 86084K, committed 86656K, reserved 1130496K
  class space    used 11420K, committed 11648K, reserved 1048576K
}
Event: 38.445 GC heap before
{Heap before GC invocations=61 (full 0):
 garbage-first heap   total 183296K, used 110934K [0x0000000080000000, 0x0000000100000000)
  region size 1024K, 8 young (8192K), 5 survivors (5120K)
 Metaspace       used 86581K, committed 87168K, reserved 1130496K
  class space    used 11474K, committed 11712K, reserved 1048576K
}
Event: 38.457 GC heap after
{Heap after GC invocations=62 (full 0):
 garbage-first heap   total 183296K, used 107548K [0x0000000080000000, 0x0000000100000000)
  region size 1024K, 1 young (1024K), 1 survivors (1024K)
 Metaspace       used 86581K, committed 87168K, reserved 1130496K
  class space    used 11474K, committed 11712K, reserved 1048576K
}
Event: 40.430 GC heap before
{Heap before GC invocations=62 (full 0):
 garbage-first heap   total 183296K, used 153628K [0x0000000080000000, 0x0000000100000000)
  region size 1024K, 46 young (47104K), 1 survivors (1024K)
 Metaspace       used 93024K, committed 93696K, reserved 1130496K
  class space    used 12307K, committed 12608K, reserved 1048576K
}
Event: 40.446 GC heap after
{Heap after GC invocations=63 (full 0):
 garbage-first heap   total 183296K, used 110246K [0x0000000080000000, 0x0000000100000000)
  region size 1024K, 4 young (4096K), 4 survivors (4096K)
 Metaspace       used 93024K, committed 93696K, reserved 1130496K
  class space    used 12307K, committed 12608K, reserved 1048576K
}
Event: 41.630 GC heap before
{Heap before GC invocations=64 (full 0):
 garbage-first heap   total 215040K, used 154278K [0x0000000080000000, 0x0000000100000000)
  region size 1024K, 46 young (47104K), 4 survivors (4096K)
 Metaspace       used 94587K, committed 95296K, reserved 1138688K
  class space    used 12488K, committed 12800K, reserved 1048576K
}
Event: 41.649 GC heap after
{Heap after GC invocations=65 (full 0):
 garbage-first heap   total 215040K, used 112662K [0x0000000080000000, 0x0000000100000000)
  region size 1024K, 6 young (6144K), 6 survivors (6144K)
 Metaspace       used 94587K, committed 95296K, reserved 1138688K
  class space    used 12488K, committed 12800K, reserved 1048576K
}
Event: 41.799 GC heap before
{Heap before GC invocations=65 (full 0):
 garbage-first heap   total 215040K, used 116758K [0x0000000080000000, 0x0000000100000000)
  region size 1024K, 10 young (10240K), 6 survivors (6144K)
 Metaspace       used 95199K, committed 95872K, reserved 1138688K
  class space    used 12553K, committed 12864K, reserved 1048576K
}

